emu compiled at Jun 29 2026, 18:08:52
[INFO] init for constantin: loaded from init.
Using simulated 32768B flash
Core  0's Commit SHA is: 2acbf327cf, dirty: 0
Using simulated 8386560MB RAM
The image is /nfs/home/leizhenyu/opt/testbench/.publish_verified_pocs_20260715_100956/xiangshan-v2/spectre-v2-privilege-kmhv2/code/build/spectre-v2-privilege-riscv64-xs.elf
ELF file detected and loading image from extracted elf file
Loading 29280 bytes at address 0x80000000 at offset 0x0
Loading 245776 bytes at address 0x80008000 at offset 0x8000
[v2-privilege] model=sv39-pte-u-isolation attacker=U victim=M isolation=Sv39-PTE-U0 secret=PTE_U0 pmp=permissive-not-boundary satp=sv39 service=machine-ecall round=asm-single-site fixed_marker=-1 secret_offset=0 secret_sz=6 candidates=62 tries=8 train=16 warmup=0 extra_flush=0 asm_control=0 probe_control=0 probe_mix=1 early_strict=0 asm_style=0
[v2-privilege] calibration fallback=60 measured=93 threshold=60 fixed=1
[v2-privilege] control service_return=no-secret direct_secret_access=expect-fault
[v2-privilege] secret=0000000080008000 channel=0000000080009000 gadget=0000000080000B6C safe_target=0000000080000BCE
[v2-privilege] isolation U-direct-secret-read fault_seen=1 completed=0 value=0x00 expected=fault u_text=[0000000080002000,0000000080003000) m_secret=0000000080008000
[v2-privilege] traps=38 train_calls=0 attack_calls=0 asm_round_calls=36 flush_calls=0 exit_calls=1 bad_traps=0 last_mcause=8 last_mepc=0000000080002440 status=0
[v2-privilege] byte 0: expected=S(0x53) expected_score=2 guess=S(0x53) score=2 second=7(0x37) score=1
[v2-privilege] byte 0 tries=2 early_stop=1 min_score=2 gap=1
[v2-privilege] byte 0 top4=S(0x53):2,7(0x37):1,8(0x38):1,9(0x39):1
[v2-privilege] byte 1: expected=3(0x33) expected_score=2 guess=3(0x33) score=2 second=?(0x00) score=0
[v2-privilege] byte 1 tries=2 early_stop=1 min_score=2 gap=1
[v2-privilege] byte 1 top4=3(0x33):2,?(0x00):0,?(0x00):0,?(0x00):0
[v2-privilege] byte 2: expected=C(0x43) expected_score=3 guess=p(0x70) score=8 second=q(0x71) score=8
[v2-privilege] byte 2 tries=8 early_stop=1 min_score=2 gap=1
[v2-privilege] byte 2 top4=p(0x70):8,q(0x71):8,8(0x38):3,9(0x39):3
[v2-privilege] byte 3: expected=r(0x72) expected_score=0 guess=1(0x31) score=8 second=2(0x32) score=8
[v2-privilege] byte 3 tries=8 early_stop=1 min_score=2 gap=1
[v2-privilege] byte 3 top4=1(0x31):8,2(0x32):8,3(0x33):8,4(0x34):8
[v2-privilege] byte 4: expected=e(0x65) expected_score=8 guess=1(0x31) score=8 second=2(0x32) score=8
[v2-privilege] byte 4 tries=8 early_stop=1 min_score=2 gap=1
[v2-privilege] byte 4 top4=1(0x31):8,2(0x32):8,3(0x33):8,4(0x34):8
[v2-privilege] byte 5: expected=T(0x54) expected_score=8 guess=1(0x31) score=8 second=2(0x32) score=8
[v2-privilege] byte 5 tries=8 early_stop=1 min_score=2 gap=1
[v2-privilege] byte 5 top4=1(0x31):8,2(0x32):8,3(0x33):8,4(0x34):8
[v2-privilege] check=FAIL
Core 0: [32mHIT GOOD TRAP at pc = 0x0
[0m[35mCore-0 instrCnt = 1,551,386, cycleCnt = 2,277,420, IPC = 0.681203
[0m[34mSeed=0 Guest cycle spent: 2,277,450 (this will be different from cycleCnt if emu loads a snapshot)
[0m[34mHost time spent: 706,919ms
[0m