[profile-runner] stage=preflight
[profile-runner] profile=/nfs/home/leizhenyu/opt/verified_poc/xiangshan-v2/spectre-v1-poc-kmhv2/profiles/bare
[profile-runner] processor=xiangshan-v2
[profile-runner] poc_id=spectre-v1-poc-kmhv2
[profile-runner] vm_mode=bare
[profile-runner] run_id=20260720Tverify-runtime-tags
[profile-runner] am_home=/nfs/home/leizhenyu/opt/testbench/.local/nexus-am-kmhv2
[profile-runner] emu=/nfs/home/leizhenyu/opt/verified_poc/xiangshan-v2/spectre-v1-poc-kmhv2/profiles/bare/runtime/kmhv2-emu/emu
[profile-runner] emu_runtime_dir=kmhv2-emu
[profile-runner] emu_candidate_id=kmhv2-emu-16threads
[profile-runner] emu_sha256=6ffccdb29be51b34133ed736075ca6a97cd006ead5ecb4dded599c06f7e67903
[profile-runner] arch=riscv64-xs-flash
[profile-runner] march=rv64gc_zba_zbb_zbc_zbs_zbkb_zbkc_zbkx_zknd_zkne_zknh_zkr_zksed_zksh_zkt_zicbom_zicboz
[profile-runner] cppflags=-DSECRET_SZ=6 -DATTACK_SAME_ROUNDS=2 -DTRAIN_TIMES=10
[profile-runner] parser_kind=v1_basic
[profile-runner] expected_secret_len=6
[profile-runner] constantin_mode=embedded
[profile-runner] seed=0
[profile-runner] stack_kb=32768
[profile-runner] wall_timeout=30m
profile=/nfs/home/leizhenyu/opt/verified_poc/xiangshan-v2/spectre-v1-poc-kmhv2/profiles/bare
source_tree_sha256=b582f9b1a4f9e07dad6c3e26c5b391f455ae17736231d11800b924903a0620cd
emu=/nfs/home/leizhenyu/opt/verified_poc/xiangshan-v2/spectre-v1-poc-kmhv2/profiles/bare/runtime/kmhv2-emu/emu
	linux-vdso.so.1 (0x00007187159b7000)
	libsqlite3.so.0 => /lib/x86_64-linux-gnu/libsqlite3.so.0 (0x000071870ffbf000)
	libz.so.1 => /lib/x86_64-linux-gnu/libz.so.1 (0x000071870ffa3000)
	libzstd.so.1 => /lib/x86_64-linux-gnu/libzstd.so.1 (0x000071870fee9000)
	libatomic.so.1 => /lib/x86_64-linux-gnu/libatomic.so.1 (0x000071870fede000)
	libstdc++.so.6 => /lib/x86_64-linux-gnu/libstdc++.so.6 (0x000071870fc00000)
	libm.so.6 => /lib/x86_64-linux-gnu/libm.so.6 (0x000071870fb17000)
	libgcc_s.so.1 => /lib/x86_64-linux-gnu/libgcc_s.so.1 (0x000071870feae000)
	libc.so.6 => /lib/x86_64-linux-gnu/libc.so.6 (0x000071870f800000)
	/lib64/ld-linux-x86-64.so.2 (0x00007187159b9000)
PACKAGE_AND_RUNTIME_PREFLIGHT_PASS
