[profile-runner] stage=build
[profile-runner] profile=/nfs/home/leizhenyu/opt/verified_poc/xiangshan-v2/spectre-v2-poc-kmhv2/profiles/bare
[profile-runner] processor=xiangshan-v2
[profile-runner] poc_id=spectre-v2-poc-kmhv2
[profile-runner] vm_mode=bare
[profile-runner] run_id=20260720Tupdate-v2poc-kmhv2-bare
[profile-runner] am_home=/nfs/home/leizhenyu/opt/testbench/.local/nexus-am-kmhv2
[profile-runner] emu=/nfs/home/leizhenyu/opt/verified_poc/xiangshan-v2/spectre-v2-poc-kmhv2/profiles/bare/runtime/kmhv2-emu/emu
[profile-runner] emu_runtime_dir=kmhv2-emu
[profile-runner] emu_candidate_id=kmhv2-emu-16threads
[profile-runner] emu_sha256=6ffccdb29be51b34133ed736075ca6a97cd006ead5ecb4dded599c06f7e67903
[profile-runner] arch=riscv64-xs
[profile-runner] march=rv64gc_zba_zbb_zbc_zbs_zbkb_zbkc_zbkx_zknd_zkne_zknh_zkr_zksed_zksh_zkt_zicbom_zicboz
[profile-runner] cppflags=-DSECRET_SZ=6 -DV2_ATTACK_TRIES=2 -DV2_TRAINING_LOOPS=16
[profile-runner] parser_kind=v2_basic
[profile-runner] expected_secret_len=6
[profile-runner] constantin_mode=embedded
[profile-runner] seed=0
[profile-runner] stack_kb=32768
[profile-runner] wall_timeout=30m
make -C /tmp/verified-poc/xiangshan-v2/spectre-v2-poc-kmhv2/bare/20260720Tupdate-v2poc-kmhv2-bare/source clean AM_HOME=/nfs/home/leizhenyu/opt/testbench/.local/nexus-am-kmhv2 ARCH=riscv64-xs
make -C /tmp/verified-poc/xiangshan-v2/spectre-v2-poc-kmhv2/bare/20260720Tupdate-v2poc-kmhv2-bare/source AM_HOME=/nfs/home/leizhenyu/opt/testbench/.local/nexus-am-kmhv2 ARCH=riscv64-xs LINUX_GNU_TOOLCHAIN=1 MARCH=rv64gc_zba_zbb_zbc_zbs_zbkb_zbkc_zbkx_zknd_zkne_zknh_zkr_zksed_zksh_zkt_zicbom_zicboz CC_OPT= CPPFLAGS=-DSECRET_SZ=6\ -DV2_ATTACK_TRIES=2\ -DV2_TRAINING_LOOPS=16 -j8
make: Entering directory '/tmp/verified-poc/xiangshan-v2/spectre-v2-poc-kmhv2/bare/20260720Tupdate-v2poc-kmhv2-bare/source'
# Building spectre-v2 [riscv64-xs] with AM_HOME {/nfs/home/leizhenyu/opt/testbench/.local/nexus-am-kmhv2}
+ CC src/spectre-v2.c
make[1]: Entering directory '/nfs/home/leizhenyu/opt/testbench/.local/nexus-am-kmhv2'
make[1]: Entering directory '/nfs/home/leizhenyu/opt/testbench/.local/nexus-am-kmhv2/libs/klib'
# Building lib-klib [riscv64-xs]
make[1]: Leaving directory '/nfs/home/leizhenyu/opt/testbench/.local/nexus-am-kmhv2/libs/klib'
make[2]: Entering directory '/nfs/home/leizhenyu/opt/testbench/.local/nexus-am-kmhv2/am'
# Building lib-am [riscv64-xs]
+ AS src/nemu/common/mainargs.S
+ AR -> build/am-riscv64-xs.a
make[2]: Leaving directory '/nfs/home/leizhenyu/opt/testbench/.local/nexus-am-kmhv2/am'
make[1]: Leaving directory '/nfs/home/leizhenyu/opt/testbench/.local/nexus-am-kmhv2'
# Creating binary image [riscv64-xs]
+ LD -> build/spectre-v2-riscv64-xs.elf
riscv64-linux-gnu-ld: warning: /tmp/verified-poc/xiangshan-v2/spectre-v2-poc-kmhv2/bare/20260720Tupdate-v2poc-kmhv2-bare/source/build/spectre-v2-riscv64-xs.elf has a LOAD segment with RWX permissions
+ OBJCOPY -> build/spectre-v2-riscv64-xs.bin
make: Leaving directory '/tmp/verified-poc/xiangshan-v2/spectre-v2-poc-kmhv2/bare/20260720Tupdate-v2poc-kmhv2-bare/source'
