[profile-runner] stage=parse
[profile-runner] profile=/nfs/home/leizhenyu/opt/verified_poc/xiangshan-v2/spectre-v2-poc-kmhv2/profiles/bare
[profile-runner] processor=xiangshan-v2
[profile-runner] poc_id=spectre-v2-poc-kmhv2
[profile-runner] vm_mode=bare
[profile-runner] run_id=20260720Tupdate-v2poc-kmhv2-bare
[profile-runner] am_home=/nfs/home/leizhenyu/opt/testbench/.local/nexus-am-kmhv2
[profile-runner] emu=/nfs/home/leizhenyu/opt/verified_poc/xiangshan-v2/spectre-v2-poc-kmhv2/profiles/bare/runtime/kmhv2-emu/emu
[profile-runner] emu_runtime_dir=kmhv2-emu
[profile-runner] emu_candidate_id=kmhv2-emu-16threads
[profile-runner] emu_sha256=6ffccdb29be51b34133ed736075ca6a97cd006ead5ecb4dded599c06f7e67903
[profile-runner] arch=riscv64-xs
[profile-runner] march=rv64gc_zba_zbb_zbc_zbs_zbkb_zbkc_zbkx_zknd_zkne_zknh_zkr_zksed_zksh_zkt_zicbom_zicboz
[profile-runner] cppflags=-DSECRET_SZ=6 -DV2_ATTACK_TRIES=2 -DV2_TRAINING_LOOPS=16
[profile-runner] parser_kind=v2_basic
[profile-runner] expected_secret_len=6
[profile-runner] constantin_mode=embedded
[profile-runner] seed=0
[profile-runner] stack_kb=32768
[profile-runner] wall_timeout=30m
python3 /nfs/home/leizhenyu/opt/verified_poc/tools/parse_profile_log.py v2_basic S3CreT /nfs/home/leizhenyu/opt/verified_poc/xiangshan-v2/spectre-v2-poc-kmhv2/profiles/bare/runs/20260720Tupdate-v2poc-kmhv2-bare/run.log /nfs/home/leizhenyu/opt/verified_poc/xiangshan-v2/spectre-v2-poc-kmhv2/profiles/bare/runs/20260720Tupdate-v2poc-kmhv2-bare/result.json
