emu compiled at Jun 29 2026, 18:08:52
[INFO] init for constantin: loaded from init.
Using simulated 32768B flash
Core  0's Commit SHA is: 2acbf327cf, dirty: 0
Using simulated 8386560MB RAM
The image is /nfs/home/leizhenyu/opt/verified_poc/xiangshan-v2/spectre-v1-priv-kmhv2/code/build/spectre-v1-priv-riscv64-xs.elf
ELF file detected and loading image from extracted elf file
Loading 27384 bytes at address 0x80000000 at offset 0x0
Loading 213008 bytes at address 0x80007000 at offset 0x7000
[v1-priv] model=sv39-pte-u-isolation attacker=U victim=M isolation=Sv39-PTE-U0 secret=PTE_U0 pmp=permissive-not-boundary satp=sv39 service=machine-ecall secret_sz=6 candidates=62 flush_lines=256 control_only=0
[v1-priv] calibration fallback=70 measured=85 threshold=85 fixed=0
[v1-priv] control service_return=no-secret direct_secret_access=expect-fault
[v1-priv] b_array1=0000000080007000 b_secret=0000000080007050 malicious_base=80 probe=0000000080008000
[v1-priv] isolation U-direct-secret-read fault_seen=1 completed=0 value=0x00 expected=fault u_text=[0000000080002000,0000000080003000) m_secret=0000000080007050
[v1-priv] traps=230 victim_calls=209 flush_calls=19 exit_calls=1 bad_traps=0 last_mcause=8 last_mepc=0000000080002360 status=0
[v1-priv] byte 0: expected=S(0x53) guess=S(0x53) score=3 second=0(0x30) score=1
[v1-priv] byte 0 rounds=3 early_stop=1 min_score=3 gap=2
[v1-priv] byte 1: expected=3(0x33) guess=3(0x33) score=4 second=r(0x72) score=2
[v1-priv] byte 1 rounds=4 early_stop=1 min_score=3 gap=2
[v1-priv] byte 2: expected=C(0x43) guess=C(0x43) score=3 second=p(0x70) score=1
[v1-priv] byte 2 rounds=3 early_stop=1 min_score=3 gap=2
[v1-priv] byte 3: expected=r(0x72) guess=r(0x72) score=3 second=p(0x70) score=1
[v1-priv] byte 3 rounds=3 early_stop=1 min_score=3 gap=2
[v1-priv] byte 4: expected=e(0x65) guess=e(0x65) score=3 second=p(0x70) score=1
[v1-priv] byte 4 rounds=3 early_stop=1 min_score=3 gap=2
[v1-priv] byte 5: expected=T(0x54) guess=T(0x54) score=3 second=q(0x71) score=1
[v1-priv] byte 5 rounds=3 early_stop=1 min_score=3 gap=2
[v1-priv] check=PASS
Core 0: [32mHIT GOOD TRAP at pc = 0x0
[0m[35mCore-0 instrCnt = 884,443, cycleCnt = 1,348,313, IPC = 0.655963
[0m[34mSeed=0 Guest cycle spent: 1,348,343 (this will be different from cycleCnt if emu loads a snapshot)
[0m[34mHost time spent: 445,980ms
[0m