[profile-runner] stage=build
[profile-runner] profile=/nfs/home/leizhenyu/opt/verified_poc/xiangshan-v2/spectre-v1-priv-kmhv2/profiles/sv39
[profile-runner] processor=xiangshan-v2
[profile-runner] poc_id=spectre-v1-priv-kmhv2
[profile-runner] vm_mode=sv39
[profile-runner] run_id=20260720Tupdate-v1priv-kmhv2-sv39
[profile-runner] am_home=/nfs/home/leizhenyu/opt/testbench/.local/nexus-am-kmhv2
[profile-runner] emu=/nfs/home/leizhenyu/opt/verified_poc/xiangshan-v2/spectre-v1-priv-kmhv2/profiles/sv39/runtime/kmhv2-emu/emu
[profile-runner] emu_runtime_dir=kmhv2-emu
[profile-runner] emu_candidate_id=kmhv2-emu-16threads
[profile-runner] emu_sha256=6ffccdb29be51b34133ed736075ca6a97cd006ead5ecb4dded599c06f7e67903
[profile-runner] arch=riscv64-xs
[profile-runner] march=rv64gc_zba_zbb_zbc_zbs_zbkb_zbkc_zbkx_zknd_zkne_zknh_zkr_zksed_zksh_zkt_zicbom_zicboz
[profile-runner] cppflags=-DCACHE_HIT_THRESHOLD=70 -DUSE_FIXED_CACHE_HIT_THRESHOLD=0 -DSECRET_SZ=6 -DPROBE_CANDIDATES=62 -DATTACK_SAME_ROUNDS=5 -DTRAIN_TIMES=10 -DFLUSH_LINES=256 -DDIRECT_SERVICE_CALL=0 -DUSE_AM_CTE=0 -DATTACKER_MPP=0 -DSTRICT_PAGE_TABLE_DEMO=1 -DFULL_BYTE_PROBE=0 -DEARLY_STOP=1 -DEARLY_STOP_MIN_SCORE=3 -DEARLY_STOP_GAP=2
[profile-runner] parser_kind=v1-priv
[profile-runner] expected_secret_len=6
[profile-runner] constantin_mode=embedded
[profile-runner] seed=0
[profile-runner] stack_kb=32768
[profile-runner] wall_timeout=30m
make -C /tmp/verified-poc/xiangshan-v2/spectre-v1-priv-kmhv2/sv39/20260720Tupdate-v1priv-kmhv2-sv39/source clean AM_HOME=/nfs/home/leizhenyu/opt/testbench/.local/nexus-am-kmhv2 ARCH=riscv64-xs
make -C /tmp/verified-poc/xiangshan-v2/spectre-v1-priv-kmhv2/sv39/20260720Tupdate-v1priv-kmhv2-sv39/source AM_HOME=/nfs/home/leizhenyu/opt/testbench/.local/nexus-am-kmhv2 ARCH=riscv64-xs LINUX_GNU_TOOLCHAIN=1 MARCH=rv64gc_zba_zbb_zbc_zbs_zbkb_zbkc_zbkx_zknd_zkne_zknh_zkr_zksed_zksh_zkt_zicbom_zicboz CC_OPT= CPPFLAGS=-DCACHE_HIT_THRESHOLD=70\ -DUSE_FIXED_CACHE_HIT_THRESHOLD=0\ -DSECRET_SZ=6\ -DPROBE_CANDIDATES=62\ -DATTACK_SAME_ROUNDS=5\ -DTRAIN_TIMES=10\ -DFLUSH_LINES=256\ -DDIRECT_SERVICE_CALL=0\ -DUSE_AM_CTE=0\ -DATTACKER_MPP=0\ -DSTRICT_PAGE_TABLE_DEMO=1\ -DFULL_BYTE_PROBE=0\ -DEARLY_STOP=1\ -DEARLY_STOP_MIN_SCORE=3\ -DEARLY_STOP_GAP=2 -j8
make: Entering directory '/tmp/verified-poc/xiangshan-v2/spectre-v1-priv-kmhv2/sv39/20260720Tupdate-v1priv-kmhv2-sv39/source'
# Building spectre-v1-priv [riscv64-xs] with AM_HOME {/nfs/home/leizhenyu/opt/testbench/.local/nexus-am-kmhv2}
+ CC src/spectre-v1-priv.c
make[1]: Entering directory '/nfs/home/leizhenyu/opt/testbench/.local/nexus-am-kmhv2'
make[1]: Entering directory '/nfs/home/leizhenyu/opt/testbench/.local/nexus-am-kmhv2/libs/klib'
# Building lib-klib [riscv64-xs]
make[1]: Leaving directory '/nfs/home/leizhenyu/opt/testbench/.local/nexus-am-kmhv2/libs/klib'
make[2]: Entering directory '/nfs/home/leizhenyu/opt/testbench/.local/nexus-am-kmhv2/am'
# Building lib-am [riscv64-xs]
+ AS src/nemu/common/mainargs.S
+ AR -> build/am-riscv64-xs.a
make[2]: Leaving directory '/nfs/home/leizhenyu/opt/testbench/.local/nexus-am-kmhv2/am'
make[1]: Leaving directory '/nfs/home/leizhenyu/opt/testbench/.local/nexus-am-kmhv2'
# Creating binary image [riscv64-xs]
+ LD -> build/spectre-v1-priv-riscv64-xs.elf
+ OBJCOPY -> build/spectre-v1-priv-riscv64-xs.bin
make: Leaving directory '/tmp/verified-poc/xiangshan-v2/spectre-v1-priv-kmhv2/sv39/20260720Tupdate-v1priv-kmhv2-sv39/source'
