[profile-runner] stage=run
[profile-runner] profile=/nfs/home/leizhenyu/opt/verified_poc/xiangshan-v2/spectre-v1-priv-kmhv2/profiles/sv39
[profile-runner] processor=xiangshan-v2
[profile-runner] poc_id=spectre-v1-priv-kmhv2
[profile-runner] vm_mode=sv39
[profile-runner] run_id=20260720Tupdate-v1priv-kmhv2-sv39
[profile-runner] am_home=/nfs/home/leizhenyu/opt/testbench/.local/nexus-am-kmhv2
[profile-runner] emu=/nfs/home/leizhenyu/opt/verified_poc/xiangshan-v2/spectre-v1-priv-kmhv2/profiles/sv39/runtime/kmhv2-emu/emu
[profile-runner] emu_runtime_dir=kmhv2-emu
[profile-runner] emu_candidate_id=kmhv2-emu-16threads
[profile-runner] emu_sha256=6ffccdb29be51b34133ed736075ca6a97cd006ead5ecb4dded599c06f7e67903
[profile-runner] arch=riscv64-xs
[profile-runner] march=rv64gc_zba_zbb_zbc_zbs_zbkb_zbkc_zbkx_zknd_zkne_zknh_zkr_zksed_zksh_zkt_zicbom_zicboz
[profile-runner] cppflags=-DCACHE_HIT_THRESHOLD=70 -DUSE_FIXED_CACHE_HIT_THRESHOLD=0 -DSECRET_SZ=6 -DPROBE_CANDIDATES=62 -DATTACK_SAME_ROUNDS=5 -DTRAIN_TIMES=10 -DFLUSH_LINES=256 -DDIRECT_SERVICE_CALL=0 -DUSE_AM_CTE=0 -DATTACKER_MPP=0 -DSTRICT_PAGE_TABLE_DEMO=1 -DFULL_BYTE_PROBE=0 -DEARLY_STOP=1 -DEARLY_STOP_MIN_SCORE=3 -DEARLY_STOP_GAP=2
[profile-runner] parser_kind=v1-priv
[profile-runner] expected_secret_len=6
[profile-runner] constantin_mode=embedded
[profile-runner] seed=0
[profile-runner] stack_kb=32768
[profile-runner] wall_timeout=30m
NOOP_HOME=embedded-default-not-overridden
ulimit -s 32768
timeout 30m /nfs/home/leizhenyu/opt/verified_poc/xiangshan-v2/spectre-v1-priv-kmhv2/profiles/sv39/runtime/kmhv2-emu/emu --no-diff --seed=0 -i /tmp/verified-poc/xiangshan-v2/spectre-v1-priv-kmhv2/sv39/20260720Tupdate-v1priv-kmhv2-sv39/image
emu compiled at Jun 29 2026, 18:08:52
Using seed = 0
[INFO] init for constantin: loaded from init.
Using simulated 32768B flash
Core  0's Commit SHA is: 2acbf327cf, dirty: 0
Using simulated 8386560MB RAM
The image is /tmp/verified-poc/xiangshan-v2/spectre-v1-priv-kmhv2/sv39/20260720Tupdate-v1priv-kmhv2-sv39/image
ELF file detected and loading image from extracted elf file
Loading 27576 bytes at address 0x80000000 at offset 0x0
Loading 213008 bytes at address 0x80007000 at offset 0x7000
[v1-priv] model=sv39-pte-u-isolation attacker=U victim=M isolation=Sv39-PTE-U0 secret=PTE_U0 pmp=permissive-not-boundary satp=sv39 service=machine-ecall secret_sz=6 candidates=62 flush_lines=256 control_only=0
[v1-priv] calibration fallback=70 measured=85 threshold=85 fixed=0
[v1-priv] control service_return=no-secret direct_secret_access=expect-fault
[v1-priv] b_array1=0000000080007000 b_secret=0000000080007050 malicious_base=80 probe=0000000080008000
[v1-priv] isolation U-direct-secret-read fault_seen=1 completed=0 value=0x00 expected=fault u_text=[0000000080002000,0000000080003000) m_secret=0000000080007050
[v1-priv] traps=230 victim_calls=209 flush_calls=19 exit_calls=1 bad_traps=0 last_mcause=8 last_mepc=0000000080002360 status=0
[v1-priv] byte 0: expected=S(0x53) guess=S(0x53) score=3 second=0(0x30) score=1
[v1-priv] byte 0 rounds=3 early_stop=1 min_score=3 gap=2
[v1-priv] byte 1: expected=3(0x33) guess=3(0x33) score=4 second=r(0x72) score=2
[v1-priv] byte 1 rounds=4 early_stop=1 min_score=3 gap=2
[v1-priv] byte 2: expected=C(0x43) guess=C(0x43) score=3 second=p(0x70) score=1
[v1-priv] byte 2 rounds=3 early_stop=1 min_score=3 gap=2
[v1-priv] byte 3: expected=r(0x72) guess=r(0x72) score=3 second=p(0x70) score=1
[v1-priv] byte 3 rounds=3 early_stop=1 min_score=3 gap=2
[v1-priv] byte 4: expected=e(0x65) guess=e(0x65) score=3 second=p(0x70) score=1
[v1-priv] byte 4 rounds=3 early_stop=1 min_score=3 gap=2
[v1-priv] byte 5: expected=T(0x54) guess=T(0x54) score=3 second=q(0x71) score=1
[v1-priv] byte 5 rounds=3 early_stop=1 min_score=3 gap=2
[v1-priv] check=PASS
Core 0: [32mHIT GOOD TRAP at pc = 0x0
[0m[35mCore-0 instrCnt = 884,443, cycleCnt = 1,348,358, IPC = 0.655941
[0m[34mSeed=0 Guest cycle spent: 1,348,388 (this will be different from cycleCnt if emu loads a snapshot)
[0m[34mHost time spent: 792,001ms
[0m