2026-07-20T12:31:36+08:00
/nfs/home/leizhenyu/opt/DUTs/XiangShan/build/emu --no-diff -i /nfs/home/leizhenyu/opt/testbench/targets/xiangshan/logs/spectre-v1-sv48-fullstring-matrix-20260720/health-cells/matrix-hs-th70-r3-t6-spectre-v1-hs-sv48-kmhv2-riscv64-xs.elf
emu compiled at Jul 16 2026, 15:50:09
[INFO] init for constantin: loaded from init.
Using simulated 32768B flash
Core  0's Commit SHA is: 2acbf327cf, dirty: 0
Using simulated 8386560MB RAM
The image is /nfs/home/leizhenyu/opt/testbench/targets/xiangshan/logs/spectre-v1-sv48-fullstring-matrix-20260720/health-cells/matrix-hs-th70-r3-t6-spectre-v1-hs-sv48-kmhv2-riscv64-xs.elf
ELF file detected and loading image from extracted elf file
Loading 20864 bytes at address 0x80000000 at offset 0x0
Loading 823448 bytes at address 0x80006000 at offset 0x6000
[hs] pre satp=9001100000080075
[hs] done s=0 t=272 b=0 c=9 n=6
[hs] b0 e=53 g=53 gs=3 s2=30 s2s=1 r=3
[hs] b1 e=33 g=33 gs=3 s2=71 s2s=3 r=3
[hs] b2 e=43 g=43 gs=3 s2=71 s2s=3 r=3
[hs] b3 e=72 g=72 gs=3 s2=71 s2s=1 r=3
[hs] b4 e=65 g=65 gs=3 s2=71 s2s=1 r=3
[hs] b5 e=54 g=54 gs=3 s2=71 s2s=3 r=3EMU_MONITOR_DONE matched=1
2026-07-20T13:34:37+08:00
