make -C /tmp/verified-poc/xiangshan-v2/spectre-v1-poc-kmhv2/bare/20260720Tbuild-v1poc/source clean AM_HOME=/nfs/home/leizhenyu/opt/testbench/.local/nexus-am-kmhv2 ARCH=riscv64-xs-flash
make -C /tmp/verified-poc/xiangshan-v2/spectre-v1-poc-kmhv2/bare/20260720Tbuild-v1poc/source AM_HOME=/nfs/home/leizhenyu/opt/testbench/.local/nexus-am-kmhv2 ARCH=riscv64-xs-flash LINUX_GNU_TOOLCHAIN=1 MARCH=rv64gc_zba_zbb_zbc_zbs_zbkb_zbkc_zbkx_zknd_zkne_zknh_zkr_zksed_zksh_zkt_zicbom_zicboz CC_OPT= CPPFLAGS=-DSECRET_SZ=6\ -DATTACK_SAME_ROUNDS=2\ -DTRAIN_TIMES=10 -j8
make: Entering directory '/tmp/verified-poc/xiangshan-v2/spectre-v1-poc-kmhv2/bare/20260720Tbuild-v1poc/source'
# Building spectre-v1 [riscv64-xs-flash] with AM_HOME {/nfs/home/leizhenyu/opt/testbench/.local/nexus-am-kmhv2}
make[1]: Entering directory '/nfs/home/leizhenyu/opt/testbench/.local/nexus-am-kmhv2'
make[1]: Entering directory '/nfs/home/leizhenyu/opt/testbench/.local/nexus-am-kmhv2/libs/klib'
+ CC src/spectre-v1.c
# Building lib-klib [riscv64-xs-flash]
make[1]: Leaving directory '/nfs/home/leizhenyu/opt/testbench/.local/nexus-am-kmhv2/libs/klib'
make[2]: Entering directory '/nfs/home/leizhenyu/opt/testbench/.local/nexus-am-kmhv2/am'
# Building lib-am [riscv64-xs-flash]
+ AS src/nemu/common/mainargs.S
/nfs/home/leizhenyu/opt/testbench/.local/nexus-am-kmhv2/am/src/nemu/common/mainargs.S:5: fatal error: opening dependency file /nfs/home/leizhenyu/opt/testbench/.local/nexus-am-kmhv2/am/build/riscv64-xs-flash//src/nemu/common/mainargs.d: Read-only file system
compilation terminated.
make[2]: *** [/nfs/home/leizhenyu/opt/testbench/.local/nexus-am-kmhv2/Makefile.compile:39: /nfs/home/leizhenyu/opt/testbench/.local/nexus-am-kmhv2/am/build/riscv64-xs-flash//src/nemu/common/mainargs.o] Error 1
make[2]: Leaving directory '/nfs/home/leizhenyu/opt/testbench/.local/nexus-am-kmhv2/am'
make[1]: *** [Makefile:6: default] Error 2
make[1]: Leaving directory '/nfs/home/leizhenyu/opt/testbench/.local/nexus-am-kmhv2'
make: *** [/nfs/home/leizhenyu/opt/testbench/.local/nexus-am-kmhv2/Makefile.compile:46: am] Error 2
make: Leaving directory '/tmp/verified-poc/xiangshan-v2/spectre-v1-poc-kmhv2/bare/20260720Tbuild-v1poc/source'
BUILD_IMAGE_MISSING=/tmp/verified-poc/xiangshan-v2/spectre-v1-poc-kmhv2/bare/20260720Tbuild-v1poc/source/build/spectre-v1-riscv64-xs-flash.elf
