[profile-runner] stage=preflight
[profile-runner] profile=/nfs/home/leizhenyu/opt/verified_poc/xiangshan-v2/spectre-v1-priv-kmhv2/profiles/sv48
[profile-runner] processor=xiangshan-v2
[profile-runner] poc_id=spectre-v1-priv-kmhv2
[profile-runner] vm_mode=sv48
[profile-runner] run_id=20260720Tupdate-v1priv-kmhv2-sv48
[profile-runner] am_home=/nfs/home/leizhenyu/opt/testbench/.local/nexus-am-kmhv2
[profile-runner] emu=/nfs/home/leizhenyu/opt/verified_poc/xiangshan-v2/spectre-v1-priv-kmhv2/profiles/sv48/runtime/kmhv2-emu/emu
[profile-runner] emu_runtime_dir=kmhv2-emu
[profile-runner] emu_candidate_id=kmhv2-emu-16threads
[profile-runner] emu_sha256=6ffccdb29be51b34133ed736075ca6a97cd006ead5ecb4dded599c06f7e67903
[profile-runner] arch=riscv64-xs
[profile-runner] march=rv64gc_zba_zbb_zbc_zbs_zbkb_zbkc_zbkx_zknd_zkne_zknh_zkr_zksed_zksh_zkt_zicbom_zicboz
[profile-runner] cppflags=-DCACHE_HIT_THRESHOLD=70 -DUSE_FIXED_CACHE_HIT_THRESHOLD=0 -DSECRET_SZ=6 -DPROBE_CANDIDATES=62 -DATTACK_SAME_ROUNDS=5 -DTRAIN_TIMES=10 -DFLUSH_LINES=256 -DDIRECT_SERVICE_CALL=0 -DUSE_AM_CTE=0 -DATTACKER_MPP=0 -DSTRICT_PAGE_TABLE_DEMO=1 -DFULL_BYTE_PROBE=0 -DEARLY_STOP=1 -DEARLY_STOP_MIN_SCORE=3 -DEARLY_STOP_GAP=2
[profile-runner] parser_kind=v1-priv
[profile-runner] expected_secret_len=6
[profile-runner] constantin_mode=embedded
[profile-runner] seed=0
[profile-runner] stack_kb=32768
[profile-runner] wall_timeout=30m
profile=/nfs/home/leizhenyu/opt/verified_poc/xiangshan-v2/spectre-v1-priv-kmhv2/profiles/sv48
source_tree_sha256=8ad28e65f698120c920f0f635ea0bf86bba4001cc79bf90541f1344674c638c0
emu=/nfs/home/leizhenyu/opt/verified_poc/xiangshan-v2/spectre-v1-priv-kmhv2/profiles/sv48/runtime/kmhv2-emu/emu
	linux-vdso.so.1 (0x000070eaf8d5d000)
	libsqlite3.so.0 => /lib/x86_64-linux-gnu/libsqlite3.so.0 (0x000070eaf3365000)
	libz.so.1 => /lib/x86_64-linux-gnu/libz.so.1 (0x000070eaf3349000)
	libzstd.so.1 => /lib/x86_64-linux-gnu/libzstd.so.1 (0x000070eaf328f000)
	libatomic.so.1 => /lib/x86_64-linux-gnu/libatomic.so.1 (0x000070eaf3284000)
	libstdc++.so.6 => /lib/x86_64-linux-gnu/libstdc++.so.6 (0x000070eaf3000000)
	libm.so.6 => /lib/x86_64-linux-gnu/libm.so.6 (0x000070eaf2f17000)
	libgcc_s.so.1 => /lib/x86_64-linux-gnu/libgcc_s.so.1 (0x000070eaf2ee9000)
	libc.so.6 => /lib/x86_64-linux-gnu/libc.so.6 (0x000070eaf2c00000)
	/lib64/ld-linux-x86-64.so.2 (0x000070eaf8d5f000)
PACKAGE_AND_RUNTIME_PREFLIGHT_PASS
