[profile-runner] stage=run
[profile-runner] profile=/nfs/home/leizhenyu/opt/verified_poc/xiangshan-v2/spectre-v1-vmid-kmhv2/profiles/sv48
[profile-runner] processor=xiangshan-v2
[profile-runner] poc_id=spectre-v1-vmid-kmhv2
[profile-runner] vm_mode=sv48
[profile-runner] run_id=20260720Tupdate-v1vmid-kmhv2-sv48
[profile-runner] am_home=/nfs/home/leizhenyu/opt/testbench/.local/nexus-am-kmhv2
[profile-runner] emu=/nfs/home/leizhenyu/opt/verified_poc/xiangshan-v2/spectre-v1-vmid-kmhv2/profiles/sv48/runtime/kmhv2-emu/emu
[profile-runner] emu_runtime_dir=kmhv2-emu
[profile-runner] emu_candidate_id=kmhv2-emu-16threads
[profile-runner] emu_sha256=6ffccdb29be51b34133ed736075ca6a97cd006ead5ecb4dded599c06f7e67903
[profile-runner] arch=riscv64-xs
[profile-runner] march=rv64gch_zba_zbb_zbc_zbs_zbkb_zbkc_zbkx_zknd_zkne_zknh_zkr_zksed_zksh_zkt_zicbom_zicboz
[profile-runner] cppflags=-DSECRET_SZ=6 -DSECRET_OFFSET=0 -DATTACK_SAME_ROUNDS=5 -DTRAIN_TIMES=10 -DUSE_FIXED_CACHE_HIT_THRESHOLD=1 -DCACHE_HIT_THRESHOLD=50 -DFILTER_KNOWN_NOISE=1 -DFULL_BYTE_PROBE=0 -DPROBE_CANDIDATES=62 -DEARLY_STOP=1 -DEARLY_STOP_MIN_SCORE=3 -DEARLY_STOP_GAP=2 -DATTACKER_VMID=17 -DVICTIM_VMID=23 -DFENCE_ON_VMID_SWITCH=0
[profile-runner] parser_kind=v1-vmid-priv
[profile-runner] expected_secret_len=6
[profile-runner] constantin_mode=embedded
[profile-runner] seed=0
[profile-runner] stack_kb=32768
[profile-runner] wall_timeout=30m
NOOP_HOME=embedded-default-not-overridden
ulimit -s 32768
timeout 30m /nfs/home/leizhenyu/opt/verified_poc/xiangshan-v2/spectre-v1-vmid-kmhv2/profiles/sv48/runtime/kmhv2-emu/emu --no-diff --seed=0 -i /tmp/verified-poc/xiangshan-v2/spectre-v1-vmid-kmhv2/sv48/20260720Tupdate-v1vmid-kmhv2-sv48/image
emu compiled at Jun 29 2026, 18:08:52
Using seed = 0
[INFO] init for constantin: loaded from init.
Using simulated 32768B flash
Core  0's Commit SHA is: 2acbf327cf, dirty: 0
Using simulated 8386560MB RAM
The image is /tmp/verified-poc/xiangshan-v2/spectre-v1-vmid-kmhv2/sv48/20260720Tupdate-v1vmid-kmhv2-sv48/image
ELF file detected and loading image from extracted elf file
Loading 27464 bytes at address 0x80000000 at offset 0x0
Loading 794624 bytes at address 0x80007000 at offset 0x7000
[v1-vmid-priv] model=sv48-vmid-vu-isolation attacker=VU victim=VU service=machine-hypervisor-scheduler attacker_vmid=17 victim_vmid=23 normalized_attacker_vmid=17 normalized_victim_vmid=23 fence_on_switch=0 filter_known_noise=1 secret_sz=6 candidates=62 flush_lines=256 control_only=0
[v1-vmid-priv] secret_offset=0
[v1-vmid-priv] calibration fallback=50 measured=85 threshold=50 fixed=1
[v1-vmid-priv] isolation attacker_direct_victim_secret=expect-fault shared_probe=mapped-both victim_data=mapped-victim-vm-only hgatp_vmid=on
[v1-vmid-priv] victim_array1=0000000080018000 victim_secret=0000000080018050 malicious_base=80 probe=0000000080013000
[v1-vmid-priv] isolation U-direct-victim-read fault_seen=1 completed=0 value=0x00 u_text=[0000000080002000,0000000080003000) a_data=[0000000080007000,0000000080013000) shared=[0000000080013000,0000000080018000) v_data=[0000000080018000,0000000080020000)
[v1-vmid-priv] vsatp requested_attacker=0x9000000000080025 requested_victim=0x9000000000080077 observed_attacker=0x9000000000080025 observed_victim=0x9000000000080077
[v1-vmid-priv] hgatp requested_attacker=0x1100000000000 requested_victim=0x1700000000000 observed_attacker=0x1100000000000 observed_victim=0x1700000000000 vmid_mask=0x3fff00000000000
[v1-vmid-priv] traps=462 victim_calls=220 victim_done=220 flush_calls=20 exit_calls=1 bad_traps=0 last_mcause=8 last_mepc=0000000080002480 status=0
[v1-vmid-priv] byte 0: expected=S(0x53) guess=S(0x53) score=3 second=0(0x30) score=1
[v1-vmid-priv] byte 0 rounds=3 early_stop=1 min_score=3 gap=2
[v1-vmid-priv] byte 1: expected=3(0x33) guess=3(0x33) score=3 second=?(0x00) score=0
[v1-vmid-priv] byte 1 rounds=3 early_stop=1 min_score=3 gap=2
[v1-vmid-priv] byte 2: expected=C(0x43) guess=C(0x43) score=3 second=?(0x00) score=0
[v1-vmid-priv] byte 2 rounds=3 early_stop=1 min_score=3 gap=2
[v1-vmid-priv] byte 3: expected=r(0x72) guess=r(0x72) score=3 second=p(0x70) score=1
[v1-vmid-priv] byte 3 rounds=3 early_stop=1 min_score=3 gap=2
[v1-vmid-priv] byte 4: expected=e(0x65) guess=e(0x65) score=3 second=T(0x54) score=1
[v1-vmid-priv] byte 4 rounds=3 early_stop=1 min_score=3 gap=2
[v1-vmid-priv] byte 5: expected=T(0x54) guess=T(0x54) score=5 second=Z(0x5a) score=5
[v1-vmid-priv] byte 5 rounds=5 early_stop=1 min_score=3 gap=2
[v1-vmid-priv] check=PASS
Core 0: [32mHIT GOOD TRAP at pc = 0x0
[0m[35mCore-0 instrCnt = 1,126,294, cycleCnt = 1,734,785, IPC = 0.649241
[0m[34mSeed=0 Guest cycle spent: 1,734,815 (this will be different from cycleCnt if emu loads a snapshot)
[0m[34mHost time spent: 1,557,055ms
[0m