emu compiled at Jun 29 2026, 18:08:52
[INFO] init for constantin: loaded from init.
Using simulated 32768B flash
Core  0's Commit SHA is: 2acbf327cf, dirty: 0
Using simulated 8386560MB RAM
The image is /nfs/home/leizhenyu/opt/verified_poc/xiangshan-v2/spectre-v2-privilege-kmhv2/code/build/spectre-v2-privilege-riscv64-xs-byte3-baseline.elf
ELF file detected and loading image from extracted elf file
Loading 28584 bytes at address 0x80000000 at offset 0x0
Loading 237584 bytes at address 0x80007000 at offset 0x7000
[v2-privilege] model=sv39-pte-u-isolation attacker=U victim=M isolation=Sv39-PTE-U0 secret=PTE_U0 pmp=permissive-not-boundary satp=sv39 service=machine-ecall round=asm-single-site fixed_marker=-1 secret_offset=3 secret_sz=1 candidates=62 tries=8 train=16 warmup=0 asm_control=0 probe_control=0 probe_mix=1 early_strict=0 asm_style=0
[v2-privilege] calibration fallback=70 measured=93 threshold=70 fixed=1
[v2-privilege] control service_return=no-secret direct_secret_access=expect-fault
[v2-privilege] secret=0000000080007000 channel=0000000080008000 gadget=0000000080000B6A safe_target=0000000080000BCC
[v2-privilege] isolation U-direct-secret-read fault_seen=1 completed=0 value=0x00 expected=fault u_text=[0000000080002000,0000000080003000) m_secret=0000000080007000
[v2-privilege] traps=4 train_calls=0 attack_calls=0 asm_round_calls=2 flush_calls=0 exit_calls=1 bad_traps=0 last_mcause=8 last_mepc=0000000080002440 status=0
[v2-privilege] byte 0: expected=r(0x72) expected_score=2 guess=r(0x72) score=2 second=7(0x37) score=1
[v2-privilege] byte 0 tries=2 early_stop=1 min_score=2 gap=1
[v2-privilege] byte 0 top4=r(0x72):2,7(0x37):1,8(0x38):1,9(0x39):1
[v2-privilege] check=PASS
Core 0: [32mHIT GOOD TRAP at pc = 0x0
[0m[35mCore-0 instrCnt = 274,746, cycleCnt = 359,486, IPC = 0.764275
[0m[34mSeed=0 Guest cycle spent: 359,516 (this will be different from cycleCnt if emu loads a snapshot)
[0m[34mHost time spent: 113,765ms
[0m