make: Entering directory '/nfs/home/leizhenyu/opt/verified_poc/xiangshan-v2/spectre-v1-priv-kmhv2/code'
# Building spectre-v1-priv [riscv64-xs] with AM_HOME {/nfs/home/leizhenyu/opt/testbench/.local/nexus-am-kmhv2}
rm -rf /nfs/home/leizhenyu/opt/verified_poc/xiangshan-v2/spectre-v1-priv-kmhv2/code/build/
make: Leaving directory '/nfs/home/leizhenyu/opt/verified_poc/xiangshan-v2/spectre-v1-priv-kmhv2/code'
make: Entering directory '/nfs/home/leizhenyu/opt/verified_poc/xiangshan-v2/spectre-v1-priv-kmhv2/code'
# Building spectre-v1-priv [riscv64-xs] with AM_HOME {/nfs/home/leizhenyu/opt/testbench/.local/nexus-am-kmhv2}
make[1]: Entering directory '/nfs/home/leizhenyu/opt/testbench/.local/nexus-am-kmhv2'
make[1]: Entering directory '/nfs/home/leizhenyu/opt/testbench/.local/nexus-am-kmhv2/libs/klib'
+ CC src/spectre-v1-priv.c
# Building lib-klib [riscv64-xs]
/nfs/home/leizhenyu/opt/verified_poc/xiangshan-v2/spectre-v1-priv-kmhv2/code/src/spectre-v1-priv.c:383:19: warning: ‘enough_confidence’ defined but not used [-Wunused-function]
  383 | static U_TEXT int enough_confidence(uint64_t *results)
      |                   ^~~~~~~~~~~~~~~~~
make[1]: Leaving directory '/nfs/home/leizhenyu/opt/testbench/.local/nexus-am-kmhv2/libs/klib'
make[2]: Entering directory '/nfs/home/leizhenyu/opt/testbench/.local/nexus-am-kmhv2/am'
# Building lib-am [riscv64-xs]
+ AS src/nemu/common/mainargs.S
+ AR -> build/am-riscv64-xs.a
make[2]: Leaving directory '/nfs/home/leizhenyu/opt/testbench/.local/nexus-am-kmhv2/am'
make[1]: Leaving directory '/nfs/home/leizhenyu/opt/testbench/.local/nexus-am-kmhv2'
# Creating binary image [riscv64-xs]
+ LD -> build/spectre-v1-priv-riscv64-xs.elf
+ OBJCOPY -> build/spectre-v1-priv-riscv64-xs.bin
make: Leaving directory '/nfs/home/leizhenyu/opt/verified_poc/xiangshan-v2/spectre-v1-priv-kmhv2/code'
