emu compiled at Jul 16 2026, 15:50:09
[INFO] init for constantin: loaded from init.
Using simulated 32768B flash
Core  0's Commit SHA is: 2acbf327cf, dirty: 0
Using simulated 8386560MB RAM
The image is /nfs/home/leizhenyu/opt/verified_poc/xiangshan-v2/spectre-v1-priv-kmhv2/code/build/spectre-v1-priv-riscv64-xs.elf
ELF file detected and loading image from extracted elf file
Loading 27416 bytes at address 0x80000000 at offset 0x0
Loading 229400 bytes at address 0x80007000 at offset 0x7000
[v1-priv] model=sv48-pte-u-isolation attacker=U victim=M isolation=Sv48-PTE-U0 secret=PTE_U0 pmp=permissive-not-boundary satp=sv48 service=machine-ecall secret_sz=2 candidates=8 flush_lines=8 control_only=0
[v1-priv] calibration fallback=70 measured=85 threshold=85 fixed=0
[v1-priv] control service_return=no-secret direct_secret_access=expect-fault
[v1-priv] b_array1=0000000080007000 b_secret=0000000080007050 malicious_base=80 probe=0000000080008000
[v1-priv] isolation U-direct-secret-read fault_seen=1 completed=0 value=0x00 expected=fault u_text=[0000000080002000,0000000080003000) m_secret=0000000080007050
[v1-priv] traps=10 victim_calls=6 flush_calls=2 exit_calls=1 bad_traps=0 last_mcause=8 last_mepc=0000000080002360 status=0
[v1-priv] byte 0: expected=S(0x53) guess=2(0x32) score=1 second=8(0x38) score=1
[v1-priv] byte 0 rounds=1 early_stop=0 min_score=3 gap=2
[v1-priv] byte 1: expected=3(0x33) guess=2(0x32) score=1 second=8(0x38) score=1
[v1-priv] byte 1 rounds=1 early_stop=0 min_score=3 gap=2
[v1-priv] check=FAIL
Exit with code = 1
