[profile-runner] stage=run
[profile-runner] profile=/nfs/home/leizhenyu/opt/verified_poc/xiangshan-v2/spectre-v2-hs-sv39-kmhv2/profiles/sv39
[profile-runner] processor=xiangshan-v2
[profile-runner] poc_id=spectre-v2-hs-sv39-kmhv2
[profile-runner] vm_mode=sv39
[profile-runner] run_id=20260721Tcanonical2-v2hs-kmhv2-sv39
[profile-runner] am_home=/nfs/home/leizhenyu/opt/verified_poc/.scratch/nexus-am-kmhv2
[profile-runner] emu=/nfs/home/leizhenyu/opt/verified_poc/xiangshan-v2/spectre-v2-hs-sv39-kmhv2/profiles/sv39/runtime/kmhv2-emu/emu
[profile-runner] emu_runtime_dir=kmhv2-emu
[profile-runner] emu_candidate_id=kmhv2-emu-16threads
[profile-runner] emu_sha256=6ffccdb29be51b34133ed736075ca6a97cd006ead5ecb4dded599c06f7e67903
[profile-runner] arch=riscv64-xs
[profile-runner] march=rv64gc_zba_zbb_zbc_zbs_zbkb_zbkc_zbkx_zknd_zkne_zknh_zkr_zksed_zksh_zkt_zicbom_zicboz
[profile-runner] cppflags=-DCACHE_HIT_THRESHOLD=70 -DUSE_FIXED_CACHE_HIT_THRESHOLD=0 -DSECRET_SZ=6 -DSECRET_OFFSET=0 -DV2_ATTACK_TRIES=16 -DV2_TRAINING_LOOPS=32 -DPROBE_CANDIDATES=62 -DFULL_BYTE_PROBE=0 -DEARLY_STOP=1 -DEARLY_STOP_MIN_SCORE=3 -DEARLY_STOP_GAP=2 -DV2_ASM_CONTROL_ROUND=0 -DV2_PROBE_CONTROL_ROUND=0 -DV2_PROBE_MIX=0
[profile-runner] parser_kind=v2-hs-sv39
[profile-runner] expected_secret_len=6
[profile-runner] constantin_mode=embedded
[profile-runner] seed=0
[profile-runner] stack_kb=32768
[profile-runner] wall_timeout=120m
NOOP_HOME=embedded-default-not-overridden
ulimit -s 32768
timeout 120m /nfs/home/leizhenyu/opt/verified_poc/xiangshan-v2/spectre-v2-hs-sv39-kmhv2/profiles/sv39/runtime/kmhv2-emu/emu --no-diff --seed=0 -i /nfs/home/leizhenyu/opt/verified_poc/.scratch/xiangshan-v2/spectre-v2-hs-sv39-kmhv2/sv39/20260721Tcanonical2-v2hs-kmhv2-sv39/image
emu compiled at Jun 29 2026, 18:08:52
Using seed = 0
[INFO] init for constantin: loaded from init.
Using simulated 32768B flash
Core  0's Commit SHA is: 2acbf327cf, dirty: 0
Using simulated 8386560MB RAM
The image is /nfs/home/leizhenyu/opt/verified_poc/.scratch/xiangshan-v2/spectre-v2-hs-sv39-kmhv2/sv39/20260721Tcanonical2-v2hs-kmhv2-sv39/image
ELF file detected and loading image from extracted elf file
Loading 25592 bytes at address 0x80000000 at offset 0x0
Loading 839680 bytes at address 0x80007000 at offset 0x7000
[v2-hs-sv39] model=sv39-asid-hs-isolation attacker=HS victim=HS service=machine-scheduler attacker_asid=17 victim_asid=23 normalized_attacker_asid=17 normalized_victim_asid=23 fence_on_switch=0 baseline_subtract=0 filter_known_noise=0 secret_sz=6 candidates=62 tries=16 train=32 warmup=0 asm_control=0 probe_control=0 probe_mix=0 early_strict=0 asm_style=0 flush_lines=256 control_only=0
[v2-hs-sv39] secret_offset=0
[v2-hs-sv39] calibration fallback=70 measured=85 threshold=85 fixed=0
[v2-hs-sv39] isolation attacker_direct_victim_secret=expect-fault shared_probe=mapped-both victim_data=mapped-victim-only
[v2-hs-sv39] victim_secret=000000008001D000 probe=0000000080018000 gadget=0000000080002680 safe_target=00000000800026C0
[v2-hs-sv39] isolation HS-direct-victim-read fault_seen=1 completed=0 value=0x00 u_text=[0000000080002000,0000000080003000) a_data=[0000000080007000,0000000080018000) shared=[0000000080018000,000000008001D000) v_data=[000000008001D000,000000008002B000)
[v2-hs-sv39] satp requested_attacker=0x8001100000080030 requested_victim=0x8001700000080082 observed_attacker=0x8001100000080030 observed_victim=0x8001700000080082 asid_mask=0xffff00000000000 mode=sv39
[v2-hs-sv39] traps=164 victim_calls=81 victim_done=81 flush_calls=0 exit_calls=1 bad_traps=0 last_mcause=9 last_mepc=0000000080002820 status=0
[v2-hs-sv39] byte 0: expected=S(0x53) guess=S(0x53) score=3 second=1(0x31) score=1
[v2-hs-sv39] byte 0 tries=3 early_stop=1 min_score=3 gap=2
[v2-hs-sv39] byte 0 top4=S(0x53):3,1(0x31):1,2(0x32):1,3(0x33):1
[v2-hs-sv39] byte 1: expected=3(0x33) guess=P(0x50) score=13 second=b(0x62) score=13
[v2-hs-sv39] byte 1 tries=16 early_stop=1 min_score=3 gap=2
[v2-hs-sv39] byte 1 top4=P(0x50):13,b(0x62):13,x(0x78):12,L(0x4c):11
[v2-hs-sv39] byte 2: expected=C(0x43) guess=W(0x57) score=13 second=G(0x47) score=11
[v2-hs-sv39] byte 2 tries=14 early_stop=1 min_score=3 gap=2
[v2-hs-sv39] byte 2 top4=W(0x57):13,G(0x47):11,I(0x49):11,L(0x4c):11
[v2-hs-sv39] byte 3: expected=r(0x72) guess=V(0x56) score=15 second=F(0x46) score=14
[v2-hs-sv39] byte 3 tries=16 early_stop=1 min_score=3 gap=2
[v2-hs-sv39] byte 3 top4=V(0x56):15,F(0x46):14,N(0x4e):14,g(0x67):14
[v2-hs-sv39] byte 4: expected=e(0x65) guess=F(0x46) score=15 second=p(0x70) score=15
[v2-hs-sv39] byte 4 tries=16 early_stop=1 min_score=3 gap=2
[v2-hs-sv39] byte 4 top4=F(0x46):15,p(0x70):15,2(0x32):14,N(0x4e):14
[v2-hs-sv39] byte 5: expected=T(0x54) guess=3(0x33) score=14 second=2(0x32) score=13
[v2-hs-sv39] byte 5 tries=16 early_stop=1 min_score=3 gap=2
[v2-hs-sv39] byte 5 top4=3(0x33):14,2(0x32):13,5(0x35):13,M(0x4d):12
[v2-hs-sv39] check=FAIL
Core 0: [32mHIT GOOD TRAP at pc = 0x0
[0m[35mCore-0 instrCnt = 3,242,711, cycleCnt = 6,192,748, IPC = 0.523630
[0m[34mSeed=0 Guest cycle spent: 6,192,778 (this will be different from cycleCnt if emu loads a snapshot)
[0m[34mHost time spent: 1,818,135ms
[0m